C51 COMPILER V9.60.7.0   GPIO                                                              08/28/2025 16:11:08 PAGE 1   


C51 COMPILER V9.60.7.0, COMPILATION OF MODULE GPIO
OBJECT MODULE PLACED IN .\Objects\gpio.obj
COMPILER INVOKED BY: D:\keil5C51\C51\BIN\C51.EXE base\gpio.c LARGE OPTIMIZE(0,SPEED) BROWSE MODC2 INCDIR(.\app;.\base) D
                    -EBUG OBJECTEXTEND PRINT(.\Listings\gpio.lst) OBJECT(.\Objects\gpio.obj)

line level    source

   1          
   2          #include <SN8F5708.H>
   3          #include "gpio.h"
   4          
   5          void gpio_init(void)
   6          {
   7   1              /* LCD input gpio */
   8   1              P0UR = 0x00;
   9   1              P0M = 0xff;
  10   1              
  11   1              P1UR = 0x00;
  12   1              P1M = 0xff;
  13   1      
  14   1              /* key input gpio */    
  15   1              P2UR = 0xff;
  16   1              P2M = 0x00;
  17   1              P5UR |= 1 << 5;
  18   1              P5M &= ~(1 << 5);
  19   1      
  20   1              //sol_slp       
  21   1              P3UR |= 1 << 3;
  22   1              P3M &= ~(1 << 3);
  23   1      
  24   1              //air_slp
  25   1              P5UR |= 1 << 3;
  26   1              P5M &= ~(1 << 3);
  27   1      
  28   1              //air_pwm
  29   1              P5UR &= ~(1 << 2);
  30   1              P5M |= 1 << 2;
  31   1      
  32   1              //sol_offon
  33   1              P5UR |= 1 << 1;
  34   1              P5M &= ~(1 << 1);
  35   1      
  36   1              //airhot_pwm
  37   1              P5UR &= ~(1 << 0);
  38   1              P5M |= 1 << 0;
  39   1      
  40   1              //solhot_pwm
  41   1              P4UR &= ~(1 << 6);
  42   1              P4M |= 1 << 6;
  43   1      
  44   1              //air_offon
  45   1              P4UR |= 1 << 7;
  46   1              P4M &= ~(1 << 7);
  47   1      
  48   1              //ec
  49   1              P4UR |= 3 << 3;
  50   1              P4M &= ~(3 << 3);
  51   1      
  52   1              //air_hotad + sol_hotad
  53   1              P4CON |= 3 << 1;
  54   1              P4UR &= ~(3 << 1);
C51 COMPILER V9.60.7.0   GPIO                                                              08/28/2025 16:11:08 PAGE 2   

  55   1              P4M &= ~(3 << 1);
  56   1      
  57   1              //hot_key
  58   1              P5UR &= ~(1 << 4);
  59   1              P5M |= 1 << 4;
  60   1      
  61   1      
  62   1      }


MODULE INFORMATION:   STATIC OVERLAYABLE
   CODE SIZE        =     88    ----
   CONSTANT SIZE    =   ----    ----
   XDATA SIZE       =   ----    ----
   PDATA SIZE       =   ----    ----
   DATA SIZE        =   ----    ----
   IDATA SIZE       =   ----    ----
   BIT SIZE         =   ----    ----
END OF MODULE INFORMATION.


C51 COMPILATION COMPLETE.  0 WARNING(S),  0 ERROR(S)
